This is pdfTeX, Version 3.14159265-2.6-1.40.19 (TeX Live 2018) (preloaded format=pdflatex 2019.4.20)  1 MAY 2019 03:59
entering extended mode
 restricted \write18 enabled.
 file:line:error style messages enabled.
 %&-line parsing enabled.
**structure.tex
(./structure.tex
LaTeX2e <2018-12-01>

./structure.tex:22: LaTeX Error: \usepackage before \documentclass.

See the LaTeX manual or LaTeX Companion for explanation.
Type  H <return>  for immediate help.
 ...                                              
                                                  
l.22 \usepackage{
                 amsmath, amsfonts, amsthm} % Math packages
? 
./structure.tex:22: Emergency stop.
 ...                                              
                                                  
l.22 \usepackage{
                 amsmath, amsfonts, amsthm} % Math packages
\usepackage may only appear in the document preamble, i.e.,
between \documentclass and \begin{document}.

 
Here is how much of TeX's memory you used:
 6 strings out of 492616
 277 string characters out of 6128982
 57428 words of memory out of 5000000
 4017 multiletter control sequences out of 15000+600000
 3640 words of font info for 14 fonts, out of 8000000 for 9000
 1141 hyphenation exceptions out of 8191
 5i,0n,5p,105b,14s stack positions out of 5000i,500n,10000p,200000b,80000s
./structure.tex:22:  ==> Fatal error occurred, no output PDF file produced!
